TN:
SF:index.js
FN:26,(anonymous_0)
FN:55,(anonymous_1)
FN:92,(anonymous_2)
FN:122,(anonymous_3)
FN:133,(anonymous_4)
FN:145,(anonymous_5)
FN:153,(anonymous_6)
FN:161,(anonymous_7)
FN:170,(anonymous_8)
FN:195,getDeviceInfo
FN:207,enumerateProcesses
FNF:11
FNH:11
FNDA:38,(anonymous_0)
FNDA:30,(anonymous_1)
FNDA:31,(anonymous_2)
FNDA:14,(anonymous_3)
FNDA:13,(anonymous_4)
FNDA:30,(anonymous_5)
FNDA:26,(anonymous_6)
FNDA:1,(anonymous_7)
FNDA:6002,(anonymous_8)
FNDA:3,getDeviceInfo
FNDA:3,enumerateProcesses
DA:6,4
DA:7,4
DA:27,38
DA:29,38
DA:36,38
DA:37,38
DA:38,38
DA:41,38
DA:42,38
DA:47,0
DA:56,30
DA:57,2
DA:60,28
DA:62,28
DA:63,28
DA:64,0
DA:68,28
DA:69,28
DA:70,0
DA:73,28
DA:74,28
DA:80,28
DA:83,0
DA:84,0
DA:93,31
DA:94,3
DA:97,28
DA:99,28
DA:102,28
DA:104,28
DA:105,28
DA:111,28
DA:114,0
DA:115,0
DA:123,14
DA:124,1
DA:126,13
DA:127,13
DA:134,13
DA:135,1
DA:137,12
DA:138,12
DA:146,30
DA:154,26
DA:162,1
DA:171,6002
DA:172,100
DA:183,5902
DA:196,3
DA:197,3
DA:199,0
DA:208,3
DA:209,3
DA:211,0
DA:215,4
LF:55
LH:46
BRDA:26,0,0,7
BRDA:30,1,0,38
BRDA:30,1,1,35
BRDA:31,2,0,38
BRDA:31,2,1,37
BRDA:32,3,0,38
BRDA:32,3,1,37
BRDA:33,4,0,38
BRDA:33,4,1,37
BRDA:56,5,0,2
BRDA:56,5,1,28
BRDA:63,6,0,0
BRDA:63,6,1,28
BRDA:69,7,0,0
BRDA:69,7,1,28
BRDA:93,8,0,3
BRDA:93,8,1,28
BRDA:123,9,0,1
BRDA:123,9,1,13
BRDA:134,10,0,1
BRDA:134,10,1,12
BRDA:171,11,0,100
BRDA:171,11,1,5902
BRF:23
BRH:21
end_of_record
